# JRE version: Java(TM) SE Runtime Environment (9.0+11) (build 9.0.4+11)
# Java VM: Java HotSpot(TM) 64-Bit Server VM (9.0.4+11, mixed mode, tiered, compressed oops, g1 gc, linux-amd64)
Heap:
 garbage-first heap   total 115712K, used 61716K [0x00000006c0000000, 0x00000006c0100388, 0x00000007c0000000)
  region size 1024K, 14 young (14336K), 3 survivors (3072K)
 Metaspace       used 44717K, capacity 48782K, committed 49016K, reserved 1091584K
  class space    used 4817K, capacity 5934K, committed 6008K, reserved 1048576K
GC Heap History (10 events):
Event: 1.878 GC heap before
{Heap before GC invocations=8 (full 0):
 garbage-first heap   total 96256K, used 48223K [0x00000006c0000000, 0x00000006c01002f0, 0x00000007c0000000)
  region size 1024K, 16 young (16384K), 1 survivors (1024K)
 Metaspace       used 33641K, capacity 36486K, committed 36600K, reserved 1081344K
  class space    used 3655K, capacity 4525K, committed 4600K, reserved 1048576K
}
Event: 1.882 GC heap after
{Heap after GC invocations=9 (full 0):
 garbage-first heap   total 96256K, used 40278K [0x00000006c0000000, 0x00000006c01002f0, 0x00000007c0000000)
  region size 1024K, 3 young (3072K), 3 survivors (3072K)
 Metaspace       used 33641K, capacity 36486K, committed 36600K, reserved 1081344K
  class space    used 3655K, capacity 4525K, committed 4600K, reserved 1048576K
}
Event: 3.870 GC heap before
{Heap before GC invocations=10 (full 0):
 garbage-first heap   total 96256K, used 62806K [0x00000006c0000000, 0x00000006c01002f0, 0x00000007c0000000)
  region size 1024K, 24 young (24576K), 3 survivors (3072K)
 Metaspace       used 41404K, capacity 44988K, committed 45304K, reserved 1089536K
  class space    used 4440K, capacity 5527K, committed 5624K, reserved 1048576K
}
Event: 3.878 GC heap after
{Heap after GC invocations=11 (full 0):
 garbage-first heap   total 115712K, used 46505K [0x00000006c0000000, 0x00000006c0100388, 0x00000007c0000000)
  region size 1024K, 3 young (3072K), 3 survivors (3072K)
 Metaspace       used 41404K, capacity 44988K, committed 45304K, reserved 1089536K
  class space    used 4440K, capacity 5527K, committed 5624K, reserved 1048576K
}
Event: 3.886 GC heap before
{Heap before GC invocations=11 (full 0):
 garbage-first heap   total 115712K, used 48553K [0x00000006c0000000, 0x00000006c0100388, 0x00000007c0000000)
  region size 1024K, 5 young (5120K), 3 survivors (3072K)
 Metaspace       used 41658K, capacity 45364K, committed 45560K, reserved 1089536K
  class space    used 4470K, capacity 5575K, committed 5624K, reserved 1048576K
}
Event: 3.890 GC heap after
{Heap after GC invocations=12 (full 0):
 garbage-first heap   total 115712K, used 45774K [0x00000006c0000000, 0x00000006c0100388, 0x00000007c0000000)
  region size 1024K, 1 young (1024K), 1 survivors (1024K)
 Metaspace       used 41658K, capacity 45364K, committed 45560K, reserved 1089536K
  class space    used 4470K, capacity 5575K, committed 5624K, reserved 1048576K
}
Event: 3.999 GC heap before
{Heap before GC invocations=12 (full 0):
 garbage-first heap   total 115712K, used 73422K [0x00000006c0000000, 0x00000006c0100388, 0x00000007c0000000)
  region size 1024K, 28 young (28672K), 1 survivors (1024K)
 Metaspace       used 44405K, capacity 48430K, committed 48632K, reserved 1091584K
  class space    used 4791K, capacity 5862K, committed 5880K, reserved 1048576K
}
Event: 4.004 GC heap after
{Heap after GC invocations=13 (full 0):
 garbage-first heap   total 115712K, used 50010K [0x00000006c0000000, 0x00000006c0100388, 0x00000007c0000000)
  region size 1024K, 4 young (4096K), 4 survivors (4096K)
 Metaspace       used 44405K, capacity 48430K, committed 48632K, reserved 1091584K
  class space    used 4791K, capacity 5862K, committed 5880K, reserved 1048576K
}
Event: 4.054 GC heap before
{Heap before GC invocations=13 (full 0):
 garbage-first heap   total 115712K, used 77658K [0x00000006c0000000, 0x00000006c0100388, 0x00000007c0000000)
  region size 1024K, 31 young (31744K), 4 survivors (4096K)
 Metaspace       used 44671K, capacity 48776K, committed 49016K, reserved 1091584K
  class space    used 4815K, capacity 5932K, committed 6008K, reserved 1048576K
}
Event: 4.058 GC heap after
{Heap after GC invocations=14 (full 0):
 garbage-first heap   total 115712K, used 51476K [0x00000006c0000000, 0x00000006c0100388, 0x00000007c0000000)
  region size 1024K, 3 young (3072K), 3 survivors (3072K)
 Metaspace       used 44671K, capacity 48776K, committed 49016K, reserved 1091584K
  class space    used 4815K, capacity 5932K, committed 6008K, reserved 1048576K
}

